Started GET "/" for ::1 at 2021-02-04 11:40:24 -0800
  
ActiveRecord::NoDatabaseError (FATAL:  database "schoolfinder2_app_api_development" does not exist
):
  
activerecord (6.0.0) lib/active_record/connection_adapters/postgresql_adapter.rb:50:in `rescue in postgresql_connection'
activerecord (6.0.0) lib/active_record/connection_adapters/postgresql_adapter.rb:33:in `postgresql_connection'
activerecord (6.0.0) lib/active_record/connection_adapters/abstract/connection_pool.rb:879:in `new_connection'
activerecord (6.0.0) lib/active_record/connection_adapters/abstract/connection_pool.rb:923:in `checkout_new_connection'
activerecord (6.0.0) lib/active_record/connection_adapters/abstract/connection_pool.rb:902:in `try_to_checkout_new_connection'
activerecord (6.0.0) lib/active_record/connection_adapters/abstract/connection_pool.rb:863:in `acquire_connection'
activerecord (6.0.0) lib/active_record/connection_adapters/abstract/connection_pool.rb:587:in `checkout'
activerecord (6.0.0) lib/active_record/connection_adapters/abstract/connection_pool.rb:431:in `connection'
activerecord (6.0.0) lib/active_record/connection_adapters/abstract/connection_pool.rb:1111:in `retrieve_connection'
activerecord (6.0.0) lib/active_record/connection_handling.rb:231:in `retrieve_connection'
activerecord (6.0.0) lib/active_record/connection_handling.rb:199:in `connection'
activerecord (6.0.0) lib/active_record/migration.rb:562:in `call'
actionpack (6.0.0) lib/action_dispatch/middleware/callbacks.rb:27:in `block in call'
activesupport (6.0.0) lib/active_support/callbacks.rb:101:in `run_callbacks'
actionpack (6.0.0) lib/action_dispatch/middleware/callbacks.rb:26:in `call'
actionpack (6.0.0) lib/action_dispatch/middleware/executor.rb:14:in `call'
actionpack (6.0.0) lib/action_dispatch/middleware/actionable_exceptions.rb:17:in `call'
actionpack (6.0.0) lib/action_dispatch/middleware/debug_exceptions.rb:32:in `call'
actionpack (6.0.0) lib/action_dispatch/middleware/show_exceptions.rb:33:in `call'
railties (6.0.0) lib/rails/rack/logger.rb:38:in `call_app'
railties (6.0.0) lib/rails/rack/logger.rb:26:in `block in call'
activesupport (6.0.0) lib/active_support/tagged_logging.rb:80:in `block in tagged'
activesupport (6.0.0) lib/active_support/tagged_logging.rb:28:in `tagged'
activesupport (6.0.0) lib/active_support/tagged_logging.rb:80:in `tagged'
railties (6.0.0) lib/rails/rack/logger.rb:26:in `call'
actionpack (6.0.0) lib/action_dispatch/middleware/remote_ip.rb:81:in `call'
actionpack (6.0.0) lib/action_dispatch/middleware/request_id.rb:27:in `call'
rack (2.0.7) lib/rack/runtime.rb:22:in `call'
activesupport (6.0.0) lib/active_support/cache/strategy/local_cache_middleware.rb:29:in `call'
actionpack (6.0.0) lib/action_dispatch/middleware/executor.rb:14:in `call'
actionpack (6.0.0) lib/action_dispatch/middleware/static.rb:126:in `call'
rack (2.0.7) lib/rack/sendfile.rb:111:in `call'
actionpack (6.0.0) lib/action_dispatch/middleware/host_authorization.rb:83:in `call'
railties (6.0.0) lib/rails/engine.rb:526:in `call'
puma (3.12.1) lib/puma/configuration.rb:227:in `call'
puma (3.12.1) lib/puma/server.rb:660:in `handle_request'
puma (3.12.1) lib/puma/server.rb:474:in `process_client'
puma (3.12.1) lib/puma/server.rb:334:in `block in run'
puma (3.12.1) lib/puma/thread_pool.rb:135:in `block in spawn_thread'
Started GET "/" for ::1 at 2021-02-04 11:40:55 -0800
  
ActiveRecord::NoDatabaseError (FATAL:  database "schoolfinder2_app_api_development" does not exist
):
  
activerecord (6.0.0) lib/active_record/connection_adapters/postgresql_adapter.rb:50:in `rescue in postgresql_connection'
activerecord (6.0.0) lib/active_record/connection_adapters/postgresql_adapter.rb:33:in `postgresql_connection'
activerecord (6.0.0) lib/active_record/connection_adapters/abstract/connection_pool.rb:879:in `new_connection'
activerecord (6.0.0) lib/active_record/connection_adapters/abstract/connection_pool.rb:923:in `checkout_new_connection'
activerecord (6.0.0) lib/active_record/connection_adapters/abstract/connection_pool.rb:902:in `try_to_checkout_new_connection'
activerecord (6.0.0) lib/active_record/connection_adapters/abstract/connection_pool.rb:863:in `acquire_connection'
activerecord (6.0.0) lib/active_record/connection_adapters/abstract/connection_pool.rb:587:in `checkout'
activerecord (6.0.0) lib/active_record/connection_adapters/abstract/connection_pool.rb:431:in `connection'
activerecord (6.0.0) lib/active_record/connection_adapters/abstract/connection_pool.rb:1111:in `retrieve_connection'
activerecord (6.0.0) lib/active_record/connection_handling.rb:231:in `retrieve_connection'
activerecord (6.0.0) lib/active_record/connection_handling.rb:199:in `connection'
activerecord (6.0.0) lib/active_record/migration.rb:562:in `call'
actionpack (6.0.0) lib/action_dispatch/middleware/callbacks.rb:27:in `block in call'
activesupport (6.0.0) lib/active_support/callbacks.rb:101:in `run_callbacks'
actionpack (6.0.0) lib/action_dispatch/middleware/callbacks.rb:26:in `call'
actionpack (6.0.0) lib/action_dispatch/middleware/executor.rb:14:in `call'
actionpack (6.0.0) lib/action_dispatch/middleware/actionable_exceptions.rb:17:in `call'
actionpack (6.0.0) lib/action_dispatch/middleware/debug_exceptions.rb:32:in `call'
actionpack (6.0.0) lib/action_dispatch/middleware/show_exceptions.rb:33:in `call'
railties (6.0.0) lib/rails/rack/logger.rb:38:in `call_app'
railties (6.0.0) lib/rails/rack/logger.rb:26:in `block in call'
activesupport (6.0.0) lib/active_support/tagged_logging.rb:80:in `block in tagged'
activesupport (6.0.0) lib/active_support/tagged_logging.rb:28:in `tagged'
activesupport (6.0.0) lib/active_support/tagged_logging.rb:80:in `tagged'
railties (6.0.0) lib/rails/rack/logger.rb:26:in `call'
actionpack (6.0.0) lib/action_dispatch/middleware/remote_ip.rb:81:in `call'
actionpack (6.0.0) lib/action_dispatch/middleware/request_id.rb:27:in `call'
rack (2.0.7) lib/rack/runtime.rb:22:in `call'
activesupport (6.0.0) lib/active_support/cache/strategy/local_cache_middleware.rb:29:in `call'
actionpack (6.0.0) lib/action_dispatch/middleware/executor.rb:14:in `call'
actionpack (6.0.0) lib/action_dispatch/middleware/static.rb:126:in `call'
rack (2.0.7) lib/rack/sendfile.rb:111:in `call'
actionpack (6.0.0) lib/action_dispatch/middleware/host_authorization.rb:83:in `call'
railties (6.0.0) lib/rails/engine.rb:526:in `call'
puma (3.12.1) lib/puma/configuration.rb:227:in `call'
puma (3.12.1) lib/puma/server.rb:660:in `handle_request'
puma (3.12.1) lib/puma/server.rb:474:in `process_client'
puma (3.12.1) lib/puma/server.rb:334:in `block in run'
puma (3.12.1) lib/puma/thread_pool.rb:135:in `block in spawn_thread'
Started GET "/favicon.ico" for ::1 at 2021-02-04 11:40:56 -0800
  
ActiveRecord::NoDatabaseError (FATAL:  database "schoolfinder2_app_api_development" does not exist
):
  
activerecord (6.0.0) lib/active_record/connection_adapters/postgresql_adapter.rb:50:in `rescue in postgresql_connection'
activerecord (6.0.0) lib/active_record/connection_adapters/postgresql_adapter.rb:33:in `postgresql_connection'
activerecord (6.0.0) lib/active_record/connection_adapters/abstract/connection_pool.rb:879:in `new_connection'
activerecord (6.0.0) lib/active_record/connection_adapters/abstract/connection_pool.rb:923:in `checkout_new_connection'
activerecord (6.0.0) lib/active_record/connection_adapters/abstract/connection_pool.rb:902:in `try_to_checkout_new_connection'
activerecord (6.0.0) lib/active_record/connection_adapters/abstract/connection_pool.rb:863:in `acquire_connection'
activerecord (6.0.0) lib/active_record/connection_adapters/abstract/connection_pool.rb:587:in `checkout'
activerecord (6.0.0) lib/active_record/connection_adapters/abstract/connection_pool.rb:431:in `connection'
activerecord (6.0.0) lib/active_record/connection_adapters/abstract/connection_pool.rb:1111:in `retrieve_connection'
activerecord (6.0.0) lib/active_record/connection_handling.rb:231:in `retrieve_connection'
activerecord (6.0.0) lib/active_record/connection_handling.rb:199:in `connection'
activerecord (6.0.0) lib/active_record/migration.rb:562:in `call'
actionpack (6.0.0) lib/action_dispatch/middleware/callbacks.rb:27:in `block in call'
activesupport (6.0.0) lib/active_support/callbacks.rb:101:in `run_callbacks'
actionpack (6.0.0) lib/action_dispatch/middleware/callbacks.rb:26:in `call'
actionpack (6.0.0) lib/action_dispatch/middleware/executor.rb:14:in `call'
actionpack (6.0.0) lib/action_dispatch/middleware/actionable_exceptions.rb:17:in `call'
actionpack (6.0.0) lib/action_dispatch/middleware/debug_exceptions.rb:32:in `call'
actionpack (6.0.0) lib/action_dispatch/middleware/show_exceptions.rb:33:in `call'
railties (6.0.0) lib/rails/rack/logger.rb:38:in `call_app'
railties (6.0.0) lib/rails/rack/logger.rb:26:in `block in call'
activesupport (6.0.0) lib/active_support/tagged_logging.rb:80:in `block in tagged'
activesupport (6.0.0) lib/active_support/tagged_logging.rb:28:in `tagged'
activesupport (6.0.0) lib/active_support/tagged_logging.rb:80:in `tagged'
railties (6.0.0) lib/rails/rack/logger.rb:26:in `call'
actionpack (6.0.0) lib/action_dispatch/middleware/remote_ip.rb:81:in `call'
actionpack (6.0.0) lib/action_dispatch/middleware/request_id.rb:27:in `call'
rack (2.0.7) lib/rack/runtime.rb:22:in `call'
activesupport (6.0.0) lib/active_support/cache/strategy/local_cache_middleware.rb:29:in `call'
actionpack (6.0.0) lib/action_dispatch/middleware/executor.rb:14:in `call'
actionpack (6.0.0) lib/action_dispatch/middleware/static.rb:126:in `call'
rack (2.0.7) lib/rack/sendfile.rb:111:in `call'
actionpack (6.0.0) lib/action_dispatch/middleware/host_authorization.rb:83:in `call'
railties (6.0.0) lib/rails/engine.rb:526:in `call'
puma (3.12.1) lib/puma/configuration.rb:227:in `call'
puma (3.12.1) lib/puma/server.rb:660:in `handle_request'
puma (3.12.1) lib/puma/server.rb:474:in `process_client'
puma (3.12.1) lib/puma/server.rb:334:in `block in run'
puma (3.12.1) lib/puma/thread_pool.rb:135:in `block in spawn_thread'
Started GET "/" for ::1 at 2021-02-04 11:41:18 -0800
  
ActiveRecord::NoDatabaseError (FATAL:  database "schoolfinder2_app_api_development" does not exist
):
  
activerecord (6.0.0) lib/active_record/connection_adapters/postgresql_adapter.rb:50:in `rescue in postgresql_connection'
activerecord (6.0.0) lib/active_record/connection_adapters/postgresql_adapter.rb:33:in `postgresql_connection'
activerecord (6.0.0) lib/active_record/connection_adapters/abstract/connection_pool.rb:879:in `new_connection'
activerecord (6.0.0) lib/active_record/connection_adapters/abstract/connection_pool.rb:923:in `checkout_new_connection'
activerecord (6.0.0) lib/active_record/connection_adapters/abstract/connection_pool.rb:902:in `try_to_checkout_new_connection'
activerecord (6.0.0) lib/active_record/connection_adapters/abstract/connection_pool.rb:863:in `acquire_connection'
activerecord (6.0.0) lib/active_record/connection_adapters/abstract/connection_pool.rb:587:in `checkout'
activerecord (6.0.0) lib/active_record/connection_adapters/abstract/connection_pool.rb:431:in `connection'
activerecord (6.0.0) lib/active_record/connection_adapters/abstract/connection_pool.rb:1111:in `retrieve_connection'
activerecord (6.0.0) lib/active_record/connection_handling.rb:231:in `retrieve_connection'
activerecord (6.0.0) lib/active_record/connection_handling.rb:199:in `connection'
activerecord (6.0.0) lib/active_record/migration.rb:562:in `call'
actionpack (6.0.0) lib/action_dispatch/middleware/callbacks.rb:27:in `block in call'
activesupport (6.0.0) lib/active_support/callbacks.rb:101:in `run_callbacks'
actionpack (6.0.0) lib/action_dispatch/middleware/callbacks.rb:26:in `call'
actionpack (6.0.0) lib/action_dispatch/middleware/executor.rb:14:in `call'
actionpack (6.0.0) lib/action_dispatch/middleware/actionable_exceptions.rb:17:in `call'
actionpack (6.0.0) lib/action_dispatch/middleware/debug_exceptions.rb:32:in `call'
actionpack (6.0.0) lib/action_dispatch/middleware/show_exceptions.rb:33:in `call'
railties (6.0.0) lib/rails/rack/logger.rb:38:in `call_app'
railties (6.0.0) lib/rails/rack/logger.rb:26:in `block in call'
activesupport (6.0.0) lib/active_support/tagged_logging.rb:80:in `block in tagged'
activesupport (6.0.0) lib/active_support/tagged_logging.rb:28:in `tagged'
activesupport (6.0.0) lib/active_support/tagged_logging.rb:80:in `tagged'
railties (6.0.0) lib/rails/rack/logger.rb:26:in `call'
actionpack (6.0.0) lib/action_dispatch/middleware/remote_ip.rb:81:in `call'
actionpack (6.0.0) lib/action_dispatch/middleware/request_id.rb:27:in `call'
rack (2.0.7) lib/rack/runtime.rb:22:in `call'
activesupport (6.0.0) lib/active_support/cache/strategy/local_cache_middleware.rb:29:in `call'
actionpack (6.0.0) lib/action_dispatch/middleware/executor.rb:14:in `call'
actionpack (6.0.0) lib/action_dispatch/middleware/static.rb:126:in `call'
rack (2.0.7) lib/rack/sendfile.rb:111:in `call'
actionpack (6.0.0) lib/action_dispatch/middleware/host_authorization.rb:83:in `call'
railties (6.0.0) lib/rails/engine.rb:526:in `call'
puma (3.12.1) lib/puma/configuration.rb:227:in `call'
puma (3.12.1) lib/puma/server.rb:660:in `handle_request'
puma (3.12.1) lib/puma/server.rb:474:in `process_client'
puma (3.12.1) lib/puma/server.rb:334:in `block in run'
puma (3.12.1) lib/puma/thread_pool.rb:135:in `block in spawn_thread'
Started GET "/favicon.ico" for ::1 at 2021-02-04 11:41:19 -0800
  
ActiveRecord::NoDatabaseError (FATAL:  database "schoolfinder2_app_api_development" does not exist
):
  
activerecord (6.0.0) lib/active_record/connection_adapters/postgresql_adapter.rb:50:in `rescue in postgresql_connection'
activerecord (6.0.0) lib/active_record/connection_adapters/postgresql_adapter.rb:33:in `postgresql_connection'
activerecord (6.0.0) lib/active_record/connection_adapters/abstract/connection_pool.rb:879:in `new_connection'
activerecord (6.0.0) lib/active_record/connection_adapters/abstract/connection_pool.rb:923:in `checkout_new_connection'
activerecord (6.0.0) lib/active_record/connection_adapters/abstract/connection_pool.rb:902:in `try_to_checkout_new_connection'
activerecord (6.0.0) lib/active_record/connection_adapters/abstract/connection_pool.rb:863:in `acquire_connection'
activerecord (6.0.0) lib/active_record/connection_adapters/abstract/connection_pool.rb:587:in `checkout'
activerecord (6.0.0) lib/active_record/connection_adapters/abstract/connection_pool.rb:431:in `connection'
activerecord (6.0.0) lib/active_record/connection_adapters/abstract/connection_pool.rb:1111:in `retrieve_connection'
activerecord (6.0.0) lib/active_record/connection_handling.rb:231:in `retrieve_connection'
activerecord (6.0.0) lib/active_record/connection_handling.rb:199:in `connection'
activerecord (6.0.0) lib/active_record/migration.rb:562:in `call'
actionpack (6.0.0) lib/action_dispatch/middleware/callbacks.rb:27:in `block in call'
activesupport (6.0.0) lib/active_support/callbacks.rb:101:in `run_callbacks'
actionpack (6.0.0) lib/action_dispatch/middleware/callbacks.rb:26:in `call'
actionpack (6.0.0) lib/action_dispatch/middleware/executor.rb:14:in `call'
actionpack (6.0.0) lib/action_dispatch/middleware/actionable_exceptions.rb:17:in `call'
actionpack (6.0.0) lib/action_dispatch/middleware/debug_exceptions.rb:32:in `call'
actionpack (6.0.0) lib/action_dispatch/middleware/show_exceptions.rb:33:in `call'
railties (6.0.0) lib/rails/rack/logger.rb:38:in `call_app'
railties (6.0.0) lib/rails/rack/logger.rb:26:in `block in call'
activesupport (6.0.0) lib/active_support/tagged_logging.rb:80:in `block in tagged'
activesupport (6.0.0) lib/active_support/tagged_logging.rb:28:in `tagged'
activesupport (6.0.0) lib/active_support/tagged_logging.rb:80:in `tagged'
railties (6.0.0) lib/rails/rack/logger.rb:26:in `call'
actionpack (6.0.0) lib/action_dispatch/middleware/remote_ip.rb:81:in `call'
actionpack (6.0.0) lib/action_dispatch/middleware/request_id.rb:27:in `call'
rack (2.0.7) lib/rack/runtime.rb:22:in `call'
activesupport (6.0.0) lib/active_support/cache/strategy/local_cache_middleware.rb:29:in `call'
actionpack (6.0.0) lib/action_dispatch/middleware/executor.rb:14:in `call'
actionpack (6.0.0) lib/action_dispatch/middleware/static.rb:126:in `call'
rack (2.0.7) lib/rack/sendfile.rb:111:in `call'
actionpack (6.0.0) lib/action_dispatch/middleware/host_authorization.rb:83:in `call'
railties (6.0.0) lib/rails/engine.rb:526:in `call'
puma (3.12.1) lib/puma/configuration.rb:227:in `call'
puma (3.12.1) lib/puma/server.rb:660:in `handle_request'
puma (3.12.1) lib/puma/server.rb:474:in `process_client'
puma (3.12.1) lib/puma/server.rb:334:in `block in run'
puma (3.12.1) lib/puma/thread_pool.rb:135:in `block in spawn_thread'
Started GET "/" for ::1 at 2021-02-04 21:02:15 -0800
  
ActiveRecord::NoDatabaseError (FATAL:  database "schoolfinder2_app_api_development" does not exist
):
  
activerecord (6.0.0) lib/active_record/connection_adapters/postgresql_adapter.rb:50:in `rescue in postgresql_connection'
activerecord (6.0.0) lib/active_record/connection_adapters/postgresql_adapter.rb:33:in `postgresql_connection'
activerecord (6.0.0) lib/active_record/connection_adapters/abstract/connection_pool.rb:879:in `new_connection'
activerecord (6.0.0) lib/active_record/connection_adapters/abstract/connection_pool.rb:923:in `checkout_new_connection'
activerecord (6.0.0) lib/active_record/connection_adapters/abstract/connection_pool.rb:902:in `try_to_checkout_new_connection'
activerecord (6.0.0) lib/active_record/connection_adapters/abstract/connection_pool.rb:863:in `acquire_connection'
activerecord (6.0.0) lib/active_record/connection_adapters/abstract/connection_pool.rb:587:in `checkout'
activerecord (6.0.0) lib/active_record/connection_adapters/abstract/connection_pool.rb:431:in `connection'
activerecord (6.0.0) lib/active_record/connection_adapters/abstract/connection_pool.rb:1111:in `retrieve_connection'
activerecord (6.0.0) lib/active_record/connection_handling.rb:231:in `retrieve_connection'
activerecord (6.0.0) lib/active_record/connection_handling.rb:199:in `connection'
activerecord (6.0.0) lib/active_record/migration.rb:562:in `call'
actionpack (6.0.0) lib/action_dispatch/middleware/callbacks.rb:27:in `block in call'
activesupport (6.0.0) lib/active_support/callbacks.rb:101:in `run_callbacks'
actionpack (6.0.0) lib/action_dispatch/middleware/callbacks.rb:26:in `call'
actionpack (6.0.0) lib/action_dispatch/middleware/executor.rb:14:in `call'
actionpack (6.0.0) lib/action_dispatch/middleware/actionable_exceptions.rb:17:in `call'
actionpack (6.0.0) lib/action_dispatch/middleware/debug_exceptions.rb:32:in `call'
actionpack (6.0.0) lib/action_dispatch/middleware/show_exceptions.rb:33:in `call'
railties (6.0.0) lib/rails/rack/logger.rb:38:in `call_app'
railties (6.0.0) lib/rails/rack/logger.rb:26:in `block in call'
activesupport (6.0.0) lib/active_support/tagged_logging.rb:80:in `block in tagged'
activesupport (6.0.0) lib/active_support/tagged_logging.rb:28:in `tagged'
activesupport (6.0.0) lib/active_support/tagged_logging.rb:80:in `tagged'
railties (6.0.0) lib/rails/rack/logger.rb:26:in `call'
actionpack (6.0.0) lib/action_dispatch/middleware/remote_ip.rb:81:in `call'
actionpack (6.0.0) lib/action_dispatch/middleware/request_id.rb:27:in `call'
rack (2.0.7) lib/rack/runtime.rb:22:in `call'
activesupport (6.0.0) lib/active_support/cache/strategy/local_cache_middleware.rb:29:in `call'
actionpack (6.0.0) lib/action_dispatch/middleware/executor.rb:14:in `call'
actionpack (6.0.0) lib/action_dispatch/middleware/static.rb:126:in `call'
rack (2.0.7) lib/rack/sendfile.rb:111:in `call'
actionpack (6.0.0) lib/action_dispatch/middleware/host_authorization.rb:83:in `call'
railties (6.0.0) lib/rails/engine.rb:526:in `call'
puma (3.12.1) lib/puma/configuration.rb:227:in `call'
puma (3.12.1) lib/puma/server.rb:660:in `handle_request'
puma (3.12.1) lib/puma/server.rb:474:in `process_client'
puma (3.12.1) lib/puma/server.rb:334:in `block in run'
puma (3.12.1) lib/puma/thread_pool.rb:135:in `block in spawn_thread'
Started GET "/favicon.ico" for ::1 at 2021-02-04 21:02:16 -0800
  
ActiveRecord::NoDatabaseError (FATAL:  database "schoolfinder2_app_api_development" does not exist
):
  
activerecord (6.0.0) lib/active_record/connection_adapters/postgresql_adapter.rb:50:in `rescue in postgresql_connection'
activerecord (6.0.0) lib/active_record/connection_adapters/postgresql_adapter.rb:33:in `postgresql_connection'
activerecord (6.0.0) lib/active_record/connection_adapters/abstract/connection_pool.rb:879:in `new_connection'
activerecord (6.0.0) lib/active_record/connection_adapters/abstract/connection_pool.rb:923:in `checkout_new_connection'
activerecord (6.0.0) lib/active_record/connection_adapters/abstract/connection_pool.rb:902:in `try_to_checkout_new_connection'
activerecord (6.0.0) lib/active_record/connection_adapters/abstract/connection_pool.rb:863:in `acquire_connection'
activerecord (6.0.0) lib/active_record/connection_adapters/abstract/connection_pool.rb:587:in `checkout'
activerecord (6.0.0) lib/active_record/connection_adapters/abstract/connection_pool.rb:431:in `connection'
activerecord (6.0.0) lib/active_record/connection_adapters/abstract/connection_pool.rb:1111:in `retrieve_connection'
activerecord (6.0.0) lib/active_record/connection_handling.rb:231:in `retrieve_connection'
activerecord (6.0.0) lib/active_record/connection_handling.rb:199:in `connection'
activerecord (6.0.0) lib/active_record/migration.rb:562:in `call'
actionpack (6.0.0) lib/action_dispatch/middleware/callbacks.rb:27:in `block in call'
activesupport (6.0.0) lib/active_support/callbacks.rb:101:in `run_callbacks'
actionpack (6.0.0) lib/action_dispatch/middleware/callbacks.rb:26:in `call'
actionpack (6.0.0) lib/action_dispatch/middleware/executor.rb:14:in `call'
actionpack (6.0.0) lib/action_dispatch/middleware/actionable_exceptions.rb:17:in `call'
actionpack (6.0.0) lib/action_dispatch/middleware/debug_exceptions.rb:32:in `call'
actionpack (6.0.0) lib/action_dispatch/middleware/show_exceptions.rb:33:in `call'
railties (6.0.0) lib/rails/rack/logger.rb:38:in `call_app'
railties (6.0.0) lib/rails/rack/logger.rb:26:in `block in call'
activesupport (6.0.0) lib/active_support/tagged_logging.rb:80:in `block in tagged'
activesupport (6.0.0) lib/active_support/tagged_logging.rb:28:in `tagged'
activesupport (6.0.0) lib/active_support/tagged_logging.rb:80:in `tagged'
railties (6.0.0) lib/rails/rack/logger.rb:26:in `call'
actionpack (6.0.0) lib/action_dispatch/middleware/remote_ip.rb:81:in `call'
actionpack (6.0.0) lib/action_dispatch/middleware/request_id.rb:27:in `call'
rack (2.0.7) lib/rack/runtime.rb:22:in `call'
activesupport (6.0.0) lib/active_support/cache/strategy/local_cache_middleware.rb:29:in `call'
actionpack (6.0.0) lib/action_dispatch/middleware/executor.rb:14:in `call'
actionpack (6.0.0) lib/action_dispatch/middleware/static.rb:126:in `call'
rack (2.0.7) lib/rack/sendfile.rb:111:in `call'
actionpack (6.0.0) lib/action_dispatch/middleware/host_authorization.rb:83:in `call'
railties (6.0.0) lib/rails/engine.rb:526:in `call'
puma (3.12.1) lib/puma/configuration.rb:227:in `call'
puma (3.12.1) lib/puma/server.rb:660:in `handle_request'
puma (3.12.1) lib/puma/server.rb:474:in `process_client'
puma (3.12.1) lib/puma/server.rb:334:in `block in run'
puma (3.12.1) lib/puma/thread_pool.rb:135:in `block in spawn_thread'
Started GET "/" for ::1 at 2021-02-04 21:02:37 -0800
  
ActiveRecord::NoDatabaseError (FATAL:  database "schoolfinder2_app_api_development" does not exist
):
  
activerecord (6.0.0) lib/active_record/connection_adapters/postgresql_adapter.rb:50:in `rescue in postgresql_connection'
activerecord (6.0.0) lib/active_record/connection_adapters/postgresql_adapter.rb:33:in `postgresql_connection'
activerecord (6.0.0) lib/active_record/connection_adapters/abstract/connection_pool.rb:879:in `new_connection'
activerecord (6.0.0) lib/active_record/connection_adapters/abstract/connection_pool.rb:923:in `checkout_new_connection'
activerecord (6.0.0) lib/active_record/connection_adapters/abstract/connection_pool.rb:902:in `try_to_checkout_new_connection'
activerecord (6.0.0) lib/active_record/connection_adapters/abstract/connection_pool.rb:863:in `acquire_connection'
activerecord (6.0.0) lib/active_record/connection_adapters/abstract/connection_pool.rb:587:in `checkout'
activerecord (6.0.0) lib/active_record/connection_adapters/abstract/connection_pool.rb:431:in `connection'
activerecord (6.0.0) lib/active_record/connection_adapters/abstract/connection_pool.rb:1111:in `retrieve_connection'
activerecord (6.0.0) lib/active_record/connection_handling.rb:231:in `retrieve_connection'
activerecord (6.0.0) lib/active_record/connection_handling.rb:199:in `connection'
activerecord (6.0.0) lib/active_record/migration.rb:562:in `call'
actionpack (6.0.0) lib/action_dispatch/middleware/callbacks.rb:27:in `block in call'
activesupport (6.0.0) lib/active_support/callbacks.rb:101:in `run_callbacks'
actionpack (6.0.0) lib/action_dispatch/middleware/callbacks.rb:26:in `call'
actionpack (6.0.0) lib/action_dispatch/middleware/executor.rb:14:in `call'
actionpack (6.0.0) lib/action_dispatch/middleware/actionable_exceptions.rb:17:in `call'
actionpack (6.0.0) lib/action_dispatch/middleware/debug_exceptions.rb:32:in `call'
actionpack (6.0.0) lib/action_dispatch/middleware/show_exceptions.rb:33:in `call'
railties (6.0.0) lib/rails/rack/logger.rb:38:in `call_app'
railties (6.0.0) lib/rails/rack/logger.rb:26:in `block in call'
activesupport (6.0.0) lib/active_support/tagged_logging.rb:80:in `block in tagged'
activesupport (6.0.0) lib/active_support/tagged_logging.rb:28:in `tagged'
activesupport (6.0.0) lib/active_support/tagged_logging.rb:80:in `tagged'
railties (6.0.0) lib/rails/rack/logger.rb:26:in `call'
actionpack (6.0.0) lib/action_dispatch/middleware/remote_ip.rb:81:in `call'
actionpack (6.0.0) lib/action_dispatch/middleware/request_id.rb:27:in `call'
rack (2.0.7) lib/rack/runtime.rb:22:in `call'
activesupport (6.0.0) lib/active_support/cache/strategy/local_cache_middleware.rb:29:in `call'
actionpack (6.0.0) lib/action_dispatch/middleware/executor.rb:14:in `call'
actionpack (6.0.0) lib/action_dispatch/middleware/static.rb:126:in `call'
rack (2.0.7) lib/rack/sendfile.rb:111:in `call'
actionpack (6.0.0) lib/action_dispatch/middleware/host_authorization.rb:83:in `call'
railties (6.0.0) lib/rails/engine.rb:526:in `call'
puma (3.12.1) lib/puma/configuration.rb:227:in `call'
puma (3.12.1) lib/puma/server.rb:660:in `handle_request'
puma (3.12.1) lib/puma/server.rb:474:in `process_client'
puma (3.12.1) lib/puma/server.rb:334:in `block in run'
puma (3.12.1) lib/puma/thread_pool.rb:135:in `block in spawn_thread'
Started GET "/favicon.ico" for ::1 at 2021-02-04 21:02:38 -0800
  
ActiveRecord::NoDatabaseError (FATAL:  database "schoolfinder2_app_api_development" does not exist
):
  
activerecord (6.0.0) lib/active_record/connection_adapters/postgresql_adapter.rb:50:in `rescue in postgresql_connection'
activerecord (6.0.0) lib/active_record/connection_adapters/postgresql_adapter.rb:33:in `postgresql_connection'
activerecord (6.0.0) lib/active_record/connection_adapters/abstract/connection_pool.rb:879:in `new_connection'
activerecord (6.0.0) lib/active_record/connection_adapters/abstract/connection_pool.rb:923:in `checkout_new_connection'
activerecord (6.0.0) lib/active_record/connection_adapters/abstract/connection_pool.rb:902:in `try_to_checkout_new_connection'
activerecord (6.0.0) lib/active_record/connection_adapters/abstract/connection_pool.rb:863:in `acquire_connection'
activerecord (6.0.0) lib/active_record/connection_adapters/abstract/connection_pool.rb:587:in `checkout'
activerecord (6.0.0) lib/active_record/connection_adapters/abstract/connection_pool.rb:431:in `connection'
activerecord (6.0.0) lib/active_record/connection_adapters/abstract/connection_pool.rb:1111:in `retrieve_connection'
activerecord (6.0.0) lib/active_record/connection_handling.rb:231:in `retrieve_connection'
activerecord (6.0.0) lib/active_record/connection_handling.rb:199:in `connection'
activerecord (6.0.0) lib/active_record/migration.rb:562:in `call'
actionpack (6.0.0) lib/action_dispatch/middleware/callbacks.rb:27:in `block in call'
activesupport (6.0.0) lib/active_support/callbacks.rb:101:in `run_callbacks'
actionpack (6.0.0) lib/action_dispatch/middleware/callbacks.rb:26:in `call'
actionpack (6.0.0) lib/action_dispatch/middleware/executor.rb:14:in `call'
actionpack (6.0.0) lib/action_dispatch/middleware/actionable_exceptions.rb:17:in `call'
actionpack (6.0.0) lib/action_dispatch/middleware/debug_exceptions.rb:32:in `call'
actionpack (6.0.0) lib/action_dispatch/middleware/show_exceptions.rb:33:in `call'
railties (6.0.0) lib/rails/rack/logger.rb:38:in `call_app'
railties (6.0.0) lib/rails/rack/logger.rb:26:in `block in call'
activesupport (6.0.0) lib/active_support/tagged_logging.rb:80:in `block in tagged'
activesupport (6.0.0) lib/active_support/tagged_logging.rb:28:in `tagged'
activesupport (6.0.0) lib/active_support/tagged_logging.rb:80:in `tagged'
railties (6.0.0) lib/rails/rack/logger.rb:26:in `call'
actionpack (6.0.0) lib/action_dispatch/middleware/remote_ip.rb:81:in `call'
actionpack (6.0.0) lib/action_dispatch/middleware/request_id.rb:27:in `call'
rack (2.0.7) lib/rack/runtime.rb:22:in `call'
activesupport (6.0.0) lib/active_support/cache/strategy/local_cache_middleware.rb:29:in `call'
actionpack (6.0.0) lib/action_dispatch/middleware/executor.rb:14:in `call'
actionpack (6.0.0) lib/action_dispatch/middleware/static.rb:126:in `call'
rack (2.0.7) lib/rack/sendfile.rb:111:in `call'
actionpack (6.0.0) lib/action_dispatch/middleware/host_authorization.rb:83:in `call'
railties (6.0.0) lib/rails/engine.rb:526:in `call'
puma (3.12.1) lib/puma/configuration.rb:227:in `call'
puma (3.12.1) lib/puma/server.rb:660:in `handle_request'
puma (3.12.1) lib/puma/server.rb:474:in `process_client'
puma (3.12.1) lib/puma/server.rb:334:in `block in run'
puma (3.12.1) lib/puma/thread_pool.rb:135:in `block in spawn_thread'
